Arguments: 
  /usr/local/bin/node /usr/local/bin/yarn help

PATH: 
  /Users/paulkogan/Dropbox/tools/google-cloud-sdk/bin:/usr/local/bin:/usr/bin:/bin:/usr/sbin:/sbin:/Users/paulkogan/javatools/apache-maven-3.6.0/bin:/usr/local/share/dotnet:~/.dotnet/tools:/Library/Frameworks/Mono.framework/Versions/Current/Commands

Yarn version: 
  1.7.0

Node version: 
  10.15.3

Platform: 
  darwin x64

Trace: 
  SyntaxError: /Users/paulkogan/node/hound/server/package.json: Unexpected token } in JSON at position 752
      at JSON.parse (<anonymous>)
      at /usr/local/lib/node_modules/yarn/lib/cli.js:1130:59
      at Generator.next (<anonymous>)
      at step (/usr/local/lib/node_modules/yarn/lib/cli.js:98:30)
      at /usr/local/lib/node_modules/yarn/lib/cli.js:109:13

npm manifest: 
  {
    "name": "hound",
    "version": "0.0.1",
    "private": true,
    "scripts": {
      "start": "node --inspect ./bin/www",
      "test": "jest --runInBand --forceExit",
      "migrate": "knex migrate:latest && knex migrate:latest --env=test",
      "migrate-test": "knex migrate:latest --env=test",
      "migrate-production": "knex migrate:latest --env=production",
      "seed": "knex seed:run",
      "lint": "eslint ."
    },
    "dependencies": {
      "axios": "^0.18.0",
      "bcrypt": "^3.0.6",
      "cookie-parser": "^1.4.4",
      "cors": "^2.8.5",
      "debug": "~2.6.9",
      "dotenv": "^7.0.0",
      "express": "~4.16.0",
      "knex": "^0.16.5",
      "lodash": "^4.17.11",
      "morgan": "~1.9.0",
      "nock": "^10.0.6",
      "objection": "^1.6.8",
      "pg": "^7.10.0",
  
    },
    "devDependencies": {
      "database-cleaner": "^1.3.0",
      "eslint": "^5.16.0",
      "eslint-config-airbnb-base": "^13.1.0",
      "eslint-plugin-import": "^2.17.2",
      "eslint-plugin-jest": "^22.5.1",
      "eslint-plugin-no-use-extend-native": "^0.4.0",
      "faker": "^4.1.0",
      "jest": "^24.7.1",
      "supertest": "^4.0.2"
    },
    "jest": {
      "verbose": true,
      "testEnvironment": "node",
      "setupFilesAfterEnv": [
        "<rootDir>/tests/jest.config.js"
      ]
    }
  }

yarn manifest: 
  No manifest

Lockfile: 
  No lockfile
